0 info it worked if it ends with ok
1 verbose cli [ '/usr/local/bin/node', '/usr/local/bin/npm', 'run', 'all' ]
2 info using npm@3.10.3
3 info using node@v6.3.1
4 verbose run-script [ 'preall', 'all', 'postall' ]
5 info lifecycle polymer@1.0.0~preall: polymer@1.0.0
6 silly lifecycle polymer@1.0.0~preall: no script for preall, continuing
7 info lifecycle polymer@1.0.0~all: polymer@1.0.0
8 verbose lifecycle polymer@1.0.0~all: unsafe-perm in lifecycle true
9 verbose lifecycle polymer@1.0.0~all: PATH: /usr/local/lib/node_modules/npm/bin/node-gyp-bin:/Users/johngorter/Desktop/poltraining/Polymer_training/node_modules/.bin:/usr/local/bin:/usr/local/bin:/usr/bin:/bin:/usr/sbin:/sbin:/usr/local/git/bin:/Library/Frameworks/Mono.framework/Versions/Current/Commands:/Users/JohnGorter/Library/Android/sdk/platform-tools:/Users/JohnGorter/Library/Android/sdk/build-tools/24.0.1
10 verbose lifecycle polymer@1.0.0~all: CWD: /Users/johngorter/Desktop/poltraining/Polymer_training
11 silly lifecycle polymer@1.0.0~all: Args: [ '-c',
11 silly lifecycle   'npm run generatelabs && npm run push && npm run updateslides && npm run presentation' ]
12 silly lifecycle polymer@1.0.0~all: Returned: code: 1  signal: null
13 info lifecycle polymer@1.0.0~all: Failed to exec all script
14 verbose stack Error: polymer@1.0.0 all: `npm run generatelabs && npm run push && npm run updateslides && npm run presentation`
14 verbose stack Exit status 1
14 verbose stack     at EventEmitter.<anonymous> (/usr/local/lib/node_modules/npm/lib/utils/lifecycle.js:242:16)
14 verbose stack     at emitTwo (events.js:106:13)
14 verbose stack     at EventEmitter.emit (events.js:191:7)
14 verbose stack     at ChildProcess.<anonymous> (/usr/local/lib/node_modules/npm/lib/utils/spawn.js:40:14)
14 verbose stack     at emitTwo (events.js:106:13)
14 verbose stack     at ChildProcess.emit (events.js:191:7)
14 verbose stack     at maybeClose (internal/child_process.js:852:16)
14 verbose stack     at Process.ChildProcess._handle.onexit (internal/child_process.js:215:5)
15 verbose pkgid polymer@1.0.0
16 verbose cwd /Users/johngorter/Desktop/poltraining/Polymer_training
17 error Darwin 16.1.0
18 error argv "/usr/local/bin/node" "/usr/local/bin/npm" "run" "all"
19 error node v6.3.1
20 error npm  v3.10.3
21 error code ELIFECYCLE
22 error polymer@1.0.0 all: `npm run generatelabs && npm run push && npm run updateslides && npm run presentation`
22 error Exit status 1
23 error Failed at the polymer@1.0.0 all script 'npm run generatelabs && npm run push && npm run updateslides && npm run presentation'.
23 error Make sure you have the latest version of node.js and npm installed.
23 error If you do, this is most likely a problem with the polymer package,
23 error not with npm itself.
23 error Tell the author that this fails on your system:
23 error     npm run generatelabs && npm run push && npm run updateslides && npm run presentation
23 error You can get information on how to open an issue for this project with:
23 error     npm bugs polymer
23 error Or if that isn't available, you can get their info via:
23 error     npm owner ls polymer
23 error There is likely additional logging output above.
24 verbose exit [ 1, true ]
