0 info it worked if it ends with ok
1 verbose cli [ '/usr/local/bin/node',
1 verbose cli   '/usr/local/bin/npm',
1 verbose cli   'run',
1 verbose cli   'generatelabs' ]
2 info using npm@3.8.6
3 info using node@v6.0.0
4 verbose run-script [ 'pregeneratelabs', 'generatelabs', 'postgeneratelabs' ]
5 info lifecycle polymer@1.0.0~pregeneratelabs: polymer@1.0.0
6 silly lifecycle polymer@1.0.0~pregeneratelabs: no script for pregeneratelabs, continuing
7 info lifecycle polymer@1.0.0~generatelabs: polymer@1.0.0
8 verbose lifecycle polymer@1.0.0~generatelabs: unsafe-perm in lifecycle true
9 verbose lifecycle polymer@1.0.0~generatelabs: PATH: /usr/local/lib/node_modules/npm/bin/node-gyp-bin:/Users/johngorter/Desktop/poltraining/Polymer_training/node_modules/.bin:/usr/local/bin:/Users/johngorter/.dnx/runtimes/dnx-mono.1.0.0-rc1-update2/bin:/Users/johngorter/.dnx/bin:/usr/local/bin:/usr/bin:/bin:/usr/sbin:/sbin:/Library/Frameworks/Mono.framework/Versions/Current/Commands
10 verbose lifecycle polymer@1.0.0~generatelabs: CWD: /Users/johngorter/Desktop/poltraining/Polymer_training
11 silly lifecycle polymer@1.0.0~generatelabs: Args: [ '-c', 'pdfgenerator ./_labs' ]
12 info lifecycle polymer@1.0.0~generatelabs: Failed to exec generatelabs script
13 verbose stack Error: polymer@1.0.0 generatelabs: `pdfgenerator ./_labs`
13 verbose stack spawn ENOENT
13 verbose stack     at ChildProcess.<anonymous> (/usr/local/lib/node_modules/npm/lib/utils/spawn.js:17:16)
13 verbose stack     at emitTwo (events.js:106:13)
13 verbose stack     at ChildProcess.emit (events.js:191:7)
13 verbose stack     at maybeClose (internal/child_process.js:850:16)
13 verbose stack     at Process.ChildProcess._handle.onexit (internal/child_process.js:215:5)
14 verbose pkgid polymer@1.0.0
15 verbose cwd /Users/johngorter/Desktop/poltraining/Polymer_training/_demos/Demo. 8. Persistence
16 error Darwin 16.1.0
17 error argv "/usr/local/bin/node" "/usr/local/bin/npm" "run" "generatelabs"
18 error node v6.0.0
19 error npm  v3.8.6
20 error file sh
21 error code ELIFECYCLE
22 error errno ENOENT
23 error syscall spawn
24 error polymer@1.0.0 generatelabs: `pdfgenerator ./_labs`
24 error spawn ENOENT
25 error Failed at the polymer@1.0.0 generatelabs script 'pdfgenerator ./_labs'.
25 error Make sure you have the latest version of node.js and npm installed.
25 error If you do, this is most likely a problem with the polymer package,
25 error not with npm itself.
25 error Tell the author that this fails on your system:
25 error     pdfgenerator ./_labs
25 error You can get information on how to open an issue for this project with:
25 error     npm bugs polymer
25 error Or if that isn't available, you can get their info via:
25 error     npm owner ls polymer
25 error There is likely additional logging output above.
26 verbose exit [ 1, true ]
